2024-06-21 20:50:33.762 [info] Log level: Info
2024-06-21 20:50:33.762 [info] Validating found git in: "git"
2024-06-21 20:50:33.762 [info] Using git "2.45.2" from "git"
2024-06-21 20:50:33.762 [info] > git rev-parse --show-toplevel [4ms]
2024-06-21 20:50:33.762 [info] fatal: not a git repository (or any of the parent directories): .git
2024-06-21 20:50:33.762 [info] > git rev-parse --show-toplevel [7ms]
2024-06-21 20:50:33.762 [info] fatal: not a git repository (or any of the parent directories): .git
2024-06-21 20:50:46.995 [info] > git rev-parse --show-toplevel [2ms]
2024-06-21 20:50:46.995 [info] fatal: not a git repository (or any of the parent directories): .git
2024-06-21 20:53:12.216 [info] > git rev-parse --show-toplevel [1ms]
2024-06-21 20:53:12.216 [info] fatal: not a git repository (or any of the parent directories): .git
2024-06-21 20:55:59.073 [info] > git rev-parse --show-toplevel [2ms]
2024-06-21 20:55:59.073 [info] fatal: not a git repository (or any of the parent directories): .git
2024-06-21 20:56:02.036 [info] > git rev-parse --show-toplevel [2ms]
2024-06-21 20:56:02.036 [info] fatal: not a git repository (or any of the parent directories): .git
2024-06-21 20:56:13.494 [info] > git rev-parse --show-toplevel [1ms]
2024-06-21 20:56:13.494 [info] fatal: not a git repository (or any of the parent directories): .git
2024-06-21 20:56:15.777 [info] > git rev-parse --show-toplevel [1ms]
2024-06-21 20:56:15.777 [info] fatal: not a git repository (or any of the parent directories): .git
2024-06-21 20:56:57.230 [info] > git rev-parse --show-toplevel [2ms]
2024-06-21 20:56:57.230 [info] fatal: not a git repository (or any of the parent directories): .git
2024-06-21 20:57:03.465 [info] > git rev-parse --show-toplevel [2ms]
2024-06-21 20:57:03.465 [info] fatal: not a git repository (or any of the parent directories): .git
2024-06-21 20:57:05.061 [info] > git rev-parse --show-toplevel [3ms]
2024-06-21 20:57:05.061 [info] fatal: not a git repository (or any of the parent directories): .git
2024-06-21 20:57:33.030 [info] > git rev-parse --show-toplevel [2ms]
2024-06-21 20:57:33.030 [info] fatal: not a git repository (or any of the parent directories): .git
2024-06-21 20:57:37.492 [info] > git rev-parse --show-toplevel [1ms]
2024-06-21 20:57:37.492 [info] fatal: not a git repository (or any of the parent directories): .git
2024-06-21 20:57:39.005 [info] > git rev-parse --show-toplevel [2ms]
2024-06-21 20:57:39.005 [info] fatal: not a git repository (or any of the parent directories): .git
2024-06-21 20:59:54.892 [info] > git rev-parse --show-toplevel [4ms]
2024-06-21 20:59:54.892 [info] fatal: not a git repository (or any of the parent directories): .git
2024-06-21 21:02:09.243 [info] > git rev-parse --show-toplevel [2ms]
2024-06-21 21:02:09.243 [info] fatal: not a git repository (or any of the parent directories): .git
2024-06-21 21:02:09.559 [info] > git rev-parse --show-toplevel [2ms]
2024-06-21 21:02:09.559 [info] fatal: not a git repository (or any of the parent directories): .git
2024-06-21 21:02:10.082 [info] > git rev-parse --show-toplevel [2ms]
2024-06-21 21:02:10.082 [info] fatal: not a git repository (or any of the parent directories): .git
2024-06-21 21:02:10.505 [info] > git rev-parse --show-toplevel [1ms]
2024-06-21 21:02:10.505 [info] fatal: not a git repository (or any of the parent directories): .git
2024-06-21 21:02:18.965 [info] > git rev-parse --show-toplevel [2ms]
2024-06-21 21:02:18.965 [info] fatal: not a git repository (or any of the parent directories): .git
2024-06-21 21:02:19.383 [info] > git rev-parse --show-toplevel [2ms]
2024-06-21 21:02:19.383 [info] fatal: not a git repository (or any of the parent directories): .git
2024-06-21 21:02:23.400 [info] > git rev-parse --show-toplevel [2ms]
2024-06-21 21:02:23.400 [info] fatal: not a git repository (or any of the parent directories): .git
2024-06-21 21:04:56.232 [info] > git rev-parse --show-toplevel [2ms]
2024-06-21 21:04:56.232 [info] fatal: not a git repository (or any of the parent directories): .git
2024-06-21 21:05:14.553 [info] > git rev-parse --show-toplevel [2ms]
2024-06-21 21:05:14.553 [info] fatal: not a git repository (or any of the parent directories): .git
2024-06-21 21:05:26.178 [info] > git rev-parse --show-toplevel [1ms]
2024-06-21 21:05:26.178 [info] fatal: not a git repository (or any of the parent directories): .git
2024-06-21 21:05:29.352 [info] > git rev-parse --show-toplevel [1ms]
2024-06-21 21:05:29.352 [info] fatal: not a git repository (or any of the parent directories): .git
2024-06-21 21:09:34.762 [info] > git rev-parse --show-toplevel [1ms]
2024-06-21 21:09:34.762 [info] fatal: not a git repository (or any of the parent directories): .git
2024-06-21 21:14:23.732 [info] > git rev-parse --show-toplevel [2ms]
2024-06-21 21:14:23.732 [info] fatal: not a git repository (or any of the parent directories): .git
2024-06-21 21:14:32.662 [info] > git rev-parse --show-toplevel [1ms]
2024-06-21 21:14:32.662 [info] fatal: not a git repository (or any of the parent directories): .git
2024-06-21 21:14:35.764 [info] > git rev-parse --show-toplevel [2ms]
2024-06-21 21:14:35.764 [info] fatal: not a git repository (or any of the parent directories): .git
2024-06-21 21:14:48.446 [info] > git rev-parse --show-toplevel [1ms]
2024-06-21 21:14:48.446 [info] fatal: not a git repository (or any of the parent directories): .git
2024-06-21 21:14:49.571 [info] > git rev-parse --show-toplevel [2ms]
2024-06-21 21:14:49.571 [info] fatal: not a git repository (or any of the parent directories): .git
2024-06-21 21:14:52.910 [info] > git rev-parse --show-toplevel [1ms]
2024-06-21 21:14:52.910 [info] fatal: not a git repository (or any of the parent directories): .git
2024-06-21 21:14:54.594 [info] > git rev-parse --show-toplevel [1ms]
2024-06-21 21:14:54.594 [info] fatal: not a git repository (or any of the parent directories): .git
2024-06-21 21:15:10.270 [info] > git rev-parse --show-toplevel [1ms]
2024-06-21 21:15:10.270 [info] fatal: not a git repository (or any of the parent directories): .git
2024-06-21 21:17:32.828 [info] > git rev-parse --show-toplevel [2ms]
2024-06-21 21:17:32.828 [info] fatal: not a git repository (or any of the parent directories): .git
2024-06-21 21:17:58.743 [info] > git rev-parse --show-toplevel [1ms]
2024-06-21 21:17:58.743 [info] fatal: not a git repository (or any of the parent directories): .git
2024-06-21 21:19:37.372 [info] > git rev-parse --show-toplevel [1ms]
2024-06-21 21:19:37.372 [info] fatal: not a git repository (or any of the parent directories): .git
2024-06-21 21:20:06.940 [info] > git rev-parse --show-toplevel [1ms]
2024-06-21 21:20:06.940 [info] fatal: not a git repository (or any of the parent directories): .git
2024-06-21 21:20:56.011 [info] > git rev-parse --show-toplevel [2ms]
2024-06-21 21:20:56.011 [info] fatal: not a git repository (or any of the parent directories): .git
2024-06-21 21:21:16.566 [info] > git rev-parse --show-toplevel [2ms]
2024-06-21 21:21:16.566 [info] fatal: not a git repository (or any of the parent directories): .git
2024-06-21 21:24:03.335 [info] > git rev-parse --show-toplevel [2ms]
2024-06-21 21:24:03.335 [info] fatal: not a git repository (or any of the parent directories): .git
2024-06-21 21:24:33.353 [info] > git rev-parse --show-toplevel [1ms]
2024-06-21 21:24:33.353 [info] fatal: not a git repository (or any of the parent directories): .git
