2024-06-21 20:43:22.396 [info] Log level: Info
2024-06-21 20:43:22.396 [info] Validating found git in: "git"
2024-06-21 20:43:22.396 [info] Using git "2.45.2" from "git"
2024-06-21 20:43:22.396 [info] > git rev-parse --show-toplevel [3ms]
2024-06-21 20:43:22.396 [info] fatal: not a git repository (or any of the parent directories): .git
2024-06-21 20:43:22.396 [info] > git rev-parse --show-toplevel [1ms]
2024-06-21 20:43:22.396 [info] fatal: not a git repository (or any of the parent directories): .git
2024-06-21 20:43:22.477 [info] > git rev-parse --show-toplevel [2ms]
2024-06-21 20:43:22.477 [info] fatal: not a git repository (or any of the parent directories): .git
2024-06-21 20:43:22.522 [info] > git rev-parse --show-toplevel [12ms]
2024-06-21 20:43:22.522 [info] fatal: not a git repository (or any of the parent directories): .git
2024-06-21 20:45:18.573 [info] > git rev-parse --show-toplevel [1ms]
2024-06-21 20:45:18.573 [info] fatal: not a git repository (or any of the parent directories): .git
2024-06-21 20:45:25.740 [info] > git rev-parse --show-toplevel [2ms]
2024-06-21 20:45:25.740 [info] fatal: not a git repository (or any of the parent directories): .git
2024-06-21 20:45:52.774 [info] > git rev-parse --show-toplevel [2ms]
2024-06-21 20:45:52.774 [info] fatal: not a git repository (or any of the parent directories): .git
2024-06-21 20:45:53.822 [info] > git rev-parse --show-toplevel [3ms]
2024-06-21 20:45:53.822 [info] fatal: not a git repository (or any of the parent directories): .git
2024-06-21 20:46:16.240 [info] > git rev-parse --show-toplevel [2ms]
2024-06-21 20:46:16.240 [info] fatal: not a git repository (or any of the parent directories): .git
2024-06-21 20:46:16.906 [info] > git rev-parse --show-toplevel [3ms]
2024-06-21 20:46:16.906 [info] fatal: not a git repository (or any of the parent directories): .git
2024-06-21 20:46:17.248 [info] > git rev-parse --show-toplevel [2ms]
2024-06-21 20:46:17.248 [info] fatal: not a git repository (or any of the parent directories): .git
2024-06-21 20:46:19.451 [info] > git rev-parse --show-toplevel [1ms]
2024-06-21 20:46:19.451 [info] fatal: not a git repository (or any of the parent directories): .git
2024-06-21 20:46:25.993 [info] > git rev-parse --show-toplevel [2ms]
2024-06-21 20:46:25.993 [info] fatal: not a git repository (or any of the parent directories): .git
2024-06-21 20:46:27.178 [info] > git rev-parse --show-toplevel [2ms]
2024-06-21 20:46:27.178 [info] fatal: not a git repository (or any of the parent directories): .git
2024-06-21 20:46:53.607 [info] > git rev-parse --show-toplevel [2ms]
2024-06-21 20:46:53.607 [info] fatal: not a git repository (or any of the parent directories): .git
2024-06-21 20:47:37.409 [info] > git rev-parse --show-toplevel [2ms]
2024-06-21 20:47:37.409 [info] fatal: not a git repository (or any of the parent directories): .git
2024-06-21 20:47:44.954 [info] > git rev-parse --show-toplevel [1ms]
2024-06-21 20:47:44.954 [info] fatal: not a git repository (or any of the parent directories): .git
2024-06-21 20:49:01.020 [info] > git rev-parse --show-toplevel [2ms]
2024-06-21 20:49:01.020 [info] fatal: not a git repository (or any of the parent directories): .git
2024-06-21 20:49:16.578 [info] > git rev-parse --show-toplevel [1ms]
2024-06-21 20:49:16.578 [info] fatal: not a git repository (or any of the parent directories): .git
2024-06-21 20:49:54.675 [info] > git rev-parse --show-toplevel [1ms]
2024-06-21 20:49:54.675 [info] fatal: not a git repository (or any of the parent directories): .git
2024-06-21 20:50:22.828 [info] > git rev-parse --show-toplevel [2ms]
2024-06-21 20:50:22.828 [info] fatal: not a git repository (or any of the parent directories): .git
