2024-06-21 16:34:11.903 [info] Extension host with pid 5290 started
2024-06-21 16:34:11.950 [info] ExtensionService#_doActivateExtension vscode.git-base, startup: true, activationEvent: '*', root cause: vscode.git
2024-06-21 16:34:11.956 [info] ExtensionService#_doActivateExtension vscode.git, startup: true, activationEvent: '*'
2024-06-21 16:34:11.979 [info] ExtensionService#_doActivateExtension vscode.github, startup: true, activationEvent: '*'
2024-06-21 16:34:12.010 [info] Eager extensions activated
2024-06-21 16:34:12.026 [info] ExtensionService#_doActivateExtension vscode.debug-auto-launch, startup: false, activationEvent: 'onStartupFinished'
2024-06-21 16:34:12.029 [info] ExtensionService#_doActivateExtension vscode.merge-conflict, startup: false, activationEvent: 'onStartupFinished'
2024-06-21 16:34:25.800 [info] Extension host terminating: renderer closed the MessagePort
2024-06-21 16:34:25.803 [info] Extension host with pid 5290 exiting with code 0
2024-06-21 16:34:26.467 [info] Extension host with pid 5502 started
2024-06-21 16:34:26.467 [info] Skipping acquiring lock for /home/testing/.config/VSCodium/User/workspaceStorage/044991979fe9c1c1875eab02ec5760d6.
2024-06-21 16:34:26.515 [info] ExtensionService#_doActivateExtension vscode.git-base, startup: true, activationEvent: '*'
2024-06-21 16:34:26.519 [info] ExtensionService#_doActivateExtension vscode.github, startup: true, activationEvent: '*'
2024-06-21 16:34:26.525 [info] Eager extensions activated
2024-06-21 16:34:26.528 [info] ExtensionService#_doActivateExtension vscode.debug-auto-launch, startup: false, activationEvent: 'onStartupFinished'
2024-06-21 16:34:26.529 [info] ExtensionService#_doActivateExtension vscode.merge-conflict, startup: false, activationEvent: 'onStartupFinished'
2024-06-21 16:34:28.807 [info] ExtensionService#_doActivateExtension vscode.git, startup: false, activationEvent: 'api', root cause: vscode.github
2024-06-21 16:34:28.913 [info] ExtensionService#_doActivateExtension vscode.github-authentication, startup: false, activationEvent: 'onAuthenticationRequest:github'
2024-06-21 16:34:33.805 [info] ExtensionService#_doActivateExtension vscode.emmet, startup: false, activationEvent: 'onLanguage'
2024-06-21 16:34:35.662 [info] ExtensionService#_doActivateExtension vscode.typescript-language-features, startup: false, activationEvent: 'onLanguage:javascript'
