2024-06-21 16:34:12.017 [info] Log level: Info
2024-06-21 16:34:12.017 [info] Validating found git in: "git"
2024-06-21 16:34:12.017 [info] Using git "2.45.2" from "git"
2024-06-21 16:34:28.854 [info] Log level: Info
2024-06-21 16:34:28.854 [info] Validating found git in: "git"
2024-06-21 16:34:28.854 [info] Using git "2.45.2" from "git"
2024-06-21 16:34:28.854 [info] > git rev-parse --show-toplevel [6ms]
2024-06-21 16:34:28.858 [info] > git rev-parse --git-dir --git-common-dir [1ms]
2024-06-21 16:34:28.866 [info] Open repository: /home/testing/hyprland-dotfiles
2024-06-21 16:34:28.875 [info] > git config --get commit.template [4ms]
2024-06-21 16:34:28.877 [info] > git rev-parse --show-toplevel [3ms]
2024-06-21 16:34:28.883 [info] > git for-each-ref --format=%(refname)%00%(upstream:short)%00%(objectname)%00%(upstream:track)%00%(upstream:remotename)%00%(upstream:remoteref) refs/heads/main refs/remotes/main [3ms]
2024-06-21 16:34:28.884 [info] > git rev-parse --show-toplevel [1ms]
2024-06-21 16:34:28.890 [info] > git rev-parse --show-toplevel [4ms]
2024-06-21 16:34:28.891 [info] > git status -z -uall [2ms]
2024-06-21 16:34:28.902 [info] > git merge-base refs/heads/main refs/remotes/origin/main [7ms]
2024-06-21 16:34:28.906 [info] > git config --get commit.template [4ms]
2024-06-21 16:34:28.907 [info] > git rev-list --count --left-right refs/heads/main...refs/remotes/origin/main [2ms]
2024-06-21 16:34:28.957 [info] > git for-each-ref --format=%(refname)%00%(upstream:short)%00%(objectname)%00%(upstream:track)%00%(upstream:remotename)%00%(upstream:remoteref) refs/heads/main refs/remotes/main [44ms]
2024-06-21 16:34:28.957 [info] > git diff --name-status -z --diff-filter=ADMR cd2690220a5a85eb2dbb04f5670f4a90dfe5fabf...refs/remotes/origin/main [47ms]
2024-06-21 16:34:28.964 [info] > git status -z -uall [2ms]
2024-06-21 16:34:29.380 [info] > git check-ignore -v -z --stdin [1ms]
2024-06-21 16:34:30.577 [info] > git check-ignore -v -z --stdin [1ms]
2024-06-21 16:34:31.121 [info] > git check-ignore -v -z --stdin [5ms]
2024-06-21 16:34:33.923 [info] > git show --textconv :aylurgtkshell.backup/.gitignore [3ms]
2024-06-21 16:34:33.923 [info] > git ls-files --stage -- /home/testing/hyprland-dotfiles/aylurgtkshell.backup/.gitignore [1ms]
2024-06-21 16:34:33.927 [info] > git cat-file -s f56dbd18b143a6b32200fa5ba3b2ebd6c212a053 [1ms]
2024-06-21 16:34:35.029 [info] > git show --textconv :ags/config.js.save [3ms]
2024-06-21 16:34:35.030 [info] > git ls-files --stage -- /home/testing/hyprland-dotfiles/ags/config.js.save [1ms]
2024-06-21 16:34:35.033 [info] > git cat-file -s b82c920388ecbc1d4ad25e042a4a0314eac39c8b [1ms]
2024-06-21 16:34:35.948 [info] > git show --textconv :ags/config.js [10ms]
2024-06-21 16:34:35.948 [info] > git ls-files --stage -- /home/testing/hyprland-dotfiles/ags/config.js [3ms]
2024-06-21 16:34:35.953 [info] > git cat-file -s c664c6ee7ca4be2098150b90ab4b097da4a13a88 [2ms]
2024-06-21 16:34:40.395 [info] > git show --textconv :.gitignore [14ms]
2024-06-21 16:34:40.398 [info] > git ls-files --stage -- /home/testing/hyprland-dotfiles/.gitignore [4ms]
2024-06-21 16:34:40.414 [info] > git cat-file -s bfb1637fc46d2a223a3b9e1a289176ef2f576ad2 [6ms]
2024-06-21 16:34:41.057 [info] > git check-ignore -v -z --stdin [4ms]
2024-06-21 16:34:41.624 [info] > git show --textconv :hypr/hyprland.conf [13ms]
2024-06-21 16:34:41.627 [info] > git ls-files --stage -- /home/testing/hyprland-dotfiles/hypr/hyprland.conf [4ms]
2024-06-21 16:34:41.642 [info] > git cat-file -s 112d5935aafc00ab6e127374da886491625e5de8 [5ms]
2024-06-21 16:35:06.258 [info] > git config --get commit.template [5ms]
2024-06-21 16:35:06.258 [info] > git for-each-ref --format=%(refname)%00%(upstream:short)%00%(objectname)%00%(upstream:track)%00%(upstream:remotename)%00%(upstream:remoteref) refs/heads/main refs/remotes/main [1ms]
2024-06-21 16:35:06.263 [info] > git status -z -uall [1ms]
2024-06-21 16:35:12.107 [info] > git config --get commit.template [4ms]
2024-06-21 16:35:12.108 [info] > git for-each-ref --format=%(refname)%00%(upstream:short)%00%(objectname)%00%(upstream:track)%00%(upstream:remotename)%00%(upstream:remoteref) refs/heads/main refs/remotes/main [1ms]
2024-06-21 16:35:12.113 [info] > git status -z -uall [2ms]
2024-06-21 16:35:19.852 [info] > git config --get commit.template [13ms]
2024-06-21 16:35:19.855 [info] > git for-each-ref --format=%(refname)%00%(upstream:short)%00%(objectname)%00%(upstream:track)%00%(upstream:remotename)%00%(upstream:remoteref) refs/heads/main refs/remotes/main [5ms]
2024-06-21 16:35:19.873 [info] > git status -z -uall [6ms]
2024-06-21 16:36:04.351 [info] > git config --get commit.template [4ms]
2024-06-21 16:36:04.352 [info] > git for-each-ref --format=%(refname)%00%(upstream:short)%00%(objectname)%00%(upstream:track)%00%(upstream:remotename)%00%(upstream:remoteref) refs/heads/main refs/remotes/main [1ms]
2024-06-21 16:36:04.357 [info] > git status -z -uall [2ms]
2024-06-21 16:39:55.534 [info] > git config --get commit.template [1ms]
2024-06-21 16:39:55.540 [info] > git for-each-ref --format=%(refname)%00%(upstream:short)%00%(objectname)%00%(upstream:track)%00%(upstream:remotename)%00%(upstream:remoteref) refs/heads/main refs/remotes/main [1ms]
2024-06-21 16:39:55.543 [warning] ENOENT: no such file or directory, open '/home/testing/hyprland-dotfiles/.git/refs/remotes/origin/main'
2024-06-21 16:39:55.544 [info] > git rev-parse refs/remotes/origin/main [1ms]
2024-06-21 16:39:55.550 [info] > git status -z -uall [1ms]
2024-06-21 16:39:55.581 [info] > git ls-files --stage -- /home/testing/hyprland-dotfiles/hypr/hyprland.conf [1ms]
2024-06-21 16:39:55.585 [info] > git cat-file -s 112d5935aafc00ab6e127374da886491625e5de8 [1ms]
2024-06-21 16:39:55.594 [info] > git show --textconv :hypr/hyprland.conf [2ms]
